<?xml version="1.0" encoding="UTF-8"?>
<!-- Generated by org.testng.reporters.JUnitReportReporter -->
<testsuite hostname="LAPTOP-IO7O6G3K" failures="0" tests="1" name="test.HomePageTest" time="8.754" errors="0" timestamp="2022-07-10T20:05:39 IST" skipped="0">
  <testcase classname="test.HomePageTest" name="testGitHUB" time="8.754"/>
  <system-out/>
</testsuite> <!-- test.HomePageTest -->
